c:\users\howard\desktop\ghostescape\build\sdlshooter-windows.dir\debug\vc143.pdb
c:\users\howard\desktop\ghostescape\build\sdlshooter-windows.dir\debug\scene_main.obj
c:\users\howard\desktop\ghostescape\build\sdlshooter-windows.dir\debug\main.obj
c:\users\howard\desktop\ghostescape\build\sdlshooter-windows.dir\debug\collider.obj
c:\users\howard\desktop\ghostescape\build\sdlshooter-windows.dir\debug\sprite_anim.obj
c:\users\howard\desktop\ghostescape\build\sdlshooter-windows.dir\debug\sprite.obj
c:\users\howard\desktop\ghostescape\build\sdlshooter-windows.dir\debug\scene.obj
c:\users\howard\desktop\ghostescape\build\sdlshooter-windows.dir\debug\object_affiliate.obj
c:\users\howard\desktop\ghostescape\build\sdlshooter-windows.dir\debug\object_world.obj
c:\users\howard\desktop\ghostescape\build\sdlshooter-windows.dir\debug\object.obj
c:\users\howard\desktop\ghostescape\build\sdlshooter-windows.dir\debug\asset_store.obj
c:\users\howard\desktop\ghostescape\build\sdlshooter-windows.dir\debug\game.obj
c:\users\howard\desktop\ghostescape\build\sdlshooter-windows.dir\debug\stats.obj
c:\users\howard\desktop\ghostescape\build\sdlshooter-windows.dir\debug\enemy.obj
c:\users\howard\desktop\ghostescape\build\sdlshooter-windows.dir\debug\player.obj
c:\users\howard\desktop\ghostescape\build\cmakefiles\generate.stamp
c:\users\howard\desktop\ghostescape\build\sdlshooter-windows.dir\debug\sdlshoot.ff345638.tlog\cl.command.1.tlog
c:\users\howard\desktop\ghostescape\build\sdlshooter-windows.dir\debug\sdlshoot.ff345638.tlog\cl.read.1.tlog
c:\users\howard\desktop\ghostescape\build\sdlshooter-windows.dir\debug\sdlshoot.ff345638.tlog\cl.write.1.tlog
c:\users\howard\desktop\ghostescape\build\sdlshooter-windows.dir\debug\sdlshoot.ff345638.tlog\custombuild.command.1.tlog
c:\users\howard\desktop\ghostescape\build\sdlshooter-windows.dir\debug\sdlshoot.ff345638.tlog\custombuild.read.1.tlog
c:\users\howard\desktop\ghostescape\build\sdlshooter-windows.dir\debug\sdlshoot.ff345638.tlog\custombuild.write.1.tlog
